<?xml version="1.0" encoding="UTF-8"?>
<!-- Generated by org.testng.reporters.JUnitXMLReporter -->
<testsuite hostname="rajbmaclap" name="Default test" tests="5" failures="0" timestamp="7 Aug 2017 14:10:54 GMT" time="7.796" errors="0">
  <testcase name="industriesMenuClick" time="0.556" classname="pageTests.IndustriesPageTest"/>
  <testcase name="getAllBubbles" time="0.178" classname="pageTests.IndustriesPageTest"/>
  <testcase name="agricultureBubbleClick" time="0.704" classname="pageTests.IndustriesPageTest"/>
  <testcase name="agricultureScrollDown" time="0.697" classname="pageTests.IndustriesPageTest"/>
  <testcase name="agricultureBackButton" time="0.501" classname="pageTests.IndustriesPageTest"/>
</testsuite> <!-- Default test -->
